Determining if the function sgemm_ exists failed with the following output:
Change Dir: /home/lacie/Github/dip-learning/Camera/ZED2/tutorials/cmake-build-debug/CMakeFiles/CMakeTmp

Run Build Command(s):/usr/bin/make cmTC_e6abe/fast && /usr/bin/make  -f CMakeFiles/cmTC_e6abe.dir/build.make CMakeFiles/cmTC_e6abe.dir/build
make[1]: Entering directory '/home/lacie/Github/dip-learning/Camera/ZED2/tutorials/cmake-build-debug/CMakeFiles/CMakeTmp'
Building C object CMakeFiles/cmTC_e6abe.dir/CheckFunctionExists.c.o
/usr/bin/cc   -DCHECK_FUNCTION_EXISTS=sgemm_ -o CMakeFiles/cmTC_e6abe.dir/CheckFunctionExists.c.o -c /home/lacie/.local/share/JetBrains/Toolbox/apps/CLion/ch-0/211.7442.42/bin/cmake/linux/share/cmake-3.19/Modules/CheckFunctionExists.c
Linking C executable cmTC_e6abe
/home/lacie/.local/share/JetBrains/Toolbox/apps/CLion/ch-0/211.7442.42/bin/cmake/linux/bin/cmake -E cmake_link_script CMakeFiles/cmTC_e6abe.dir/link.txt --verbose=1
/usr/bin/cc  -DCHECK_FUNCTION_EXISTS=sgemm_ -rdynamic CMakeFiles/cmTC_e6abe.dir/CheckFunctionExists.c.o -o cmTC_e6abe 
CMakeFiles/cmTC_e6abe.dir/CheckFunctionExists.c.o: In function `main':
CheckFunctionExists.c:(.text+0x10): undefined reference to `sgemm_'
collect2: error: ld returned 1 exit status
CMakeFiles/cmTC_e6abe.dir/build.make:105: recipe for target 'cmTC_e6abe' failed
make[1]: *** [cmTC_e6abe] Error 1
make[1]: Leaving directory '/home/lacie/Github/dip-learning/Camera/ZED2/tutorials/cmake-build-debug/CMakeFiles/CMakeTmp'
Makefile:140: recipe for target 'cmTC_e6abe/fast' failed
make: *** [cmTC_e6abe/fast] Error 2



Performing C SOURCE FILE Test CMAKE_HAVE_LIBC_PTHREAD failed with the following output:
Change Dir: /home/lacie/Github/dip-learning/Camera/ZED2/tutorials/cmake-build-debug/CMakeFiles/CMakeTmp

Run Build Command(s):/usr/bin/make cmTC_fef04/fast && /usr/bin/make  -f CMakeFiles/cmTC_fef04.dir/build.make CMakeFiles/cmTC_fef04.dir/build
make[1]: Entering directory '/home/lacie/Github/dip-learning/Camera/ZED2/tutorials/cmake-build-debug/CMakeFiles/CMakeTmp'
Building C object CMakeFiles/cmTC_fef04.dir/src.c.o
/usr/bin/cc -DCMAKE_HAVE_LIBC_PTHREAD   -o CMakeFiles/cmTC_fef04.dir/src.c.o -c /home/lacie/Github/dip-learning/Camera/ZED2/tutorials/cmake-build-debug/CMakeFiles/CMakeTmp/src.c
Linking C executable cmTC_fef04
/home/lacie/.local/share/JetBrains/Toolbox/apps/CLion/ch-0/211.7442.42/bin/cmake/linux/bin/cmake -E cmake_link_script CMakeFiles/cmTC_fef04.dir/link.txt --verbose=1
/usr/bin/cc -rdynamic CMakeFiles/cmTC_fef04.dir/src.c.o -o cmTC_fef04 
CMakeFiles/cmTC_fef04.dir/src.c.o: In function `main':
src.c:(.text+0x3e): undefined reference to `pthread_create'
src.c:(.text+0x4a): undefined reference to `pthread_detach'
src.c:(.text+0x56): undefined reference to `pthread_cancel'
src.c:(.text+0x67): undefined reference to `pthread_join'
src.c:(.text+0x7b): undefined reference to `pthread_atfork'
collect2: error: ld returned 1 exit status
CMakeFiles/cmTC_fef04.dir/build.make:105: recipe for target 'cmTC_fef04' failed
make[1]: *** [cmTC_fef04] Error 1
make[1]: Leaving directory '/home/lacie/Github/dip-learning/Camera/ZED2/tutorials/cmake-build-debug/CMakeFiles/CMakeTmp'
Makefile:140: recipe for target 'cmTC_fef04/fast' failed
make: *** [cmTC_fef04/fast] Error 2


Source file was:
#include <pthread.h>

static void* test_func(void* data)
{
  return data;
}

int main(void)
{
  pthread_t thread;
  pthread_create(&thread, NULL, test_func, NULL);
  pthread_detach(thread);
  pthread_cancel(thread);
  pthread_join(thread, NULL);
  pthread_atfork(NULL, NULL, NULL);
  pthread_exit(NULL);

  return 0;
}

Determining if the function pthread_create exists in the pthreads failed with the following output:
Change Dir: /home/lacie/Github/dip-learning/Camera/ZED2/tutorials/cmake-build-debug/CMakeFiles/CMakeTmp

Run Build Command(s):/usr/bin/make cmTC_b8625/fast && /usr/bin/make  -f CMakeFiles/cmTC_b8625.dir/build.make CMakeFiles/cmTC_b8625.dir/build
make[1]: Entering directory '/home/lacie/Github/dip-learning/Camera/ZED2/tutorials/cmake-build-debug/CMakeFiles/CMakeTmp'
Building C object CMakeFiles/cmTC_b8625.dir/CheckFunctionExists.c.o
/usr/bin/cc   -DCHECK_FUNCTION_EXISTS=pthread_create -o CMakeFiles/cmTC_b8625.dir/CheckFunctionExists.c.o -c /home/lacie/.local/share/JetBrains/Toolbox/apps/CLion/ch-0/211.7442.42/bin/cmake/linux/share/cmake-3.19/Modules/CheckFunctionExists.c
Linking C executable cmTC_b8625
/home/lacie/.local/share/JetBrains/Toolbox/apps/CLion/ch-0/211.7442.42/bin/cmake/linux/bin/cmake -E cmake_link_script CMakeFiles/cmTC_b8625.dir/link.txt --verbose=1
/usr/bin/cc  -DCHECK_FUNCTION_EXISTS=pthread_create -rdynamic CMakeFiles/cmTC_b8625.dir/CheckFunctionExists.c.o -o cmTC_b8625  -lpthreads 
/usr/bin/ld: cannot find -lpthreads
collect2: error: ld returned 1 exit status
CMakeFiles/cmTC_b8625.dir/build.make:105: recipe for target 'cmTC_b8625' failed
make[1]: *** [cmTC_b8625] Error 1
make[1]: Leaving directory '/home/lacie/Github/dip-learning/Camera/ZED2/tutorials/cmake-build-debug/CMakeFiles/CMakeTmp'
Makefile:140: recipe for target 'cmTC_b8625/fast' failed
make: *** [cmTC_b8625/fast] Error 2



